<?xml version="1.0" encoding="UTF-8"?>
<testng-results skipped="0" failed="0" total="1" passed="1">
  <reporter-output>
  </reporter-output>
  <suite name="Gmail Suite" duration-ms="167656" started-at="2020-04-30T05:42:21Z" finished-at="2020-04-30T05:45:09Z">
    <groups>
    </groups>
    <test name="amazonProductCheckout" duration-ms="167656" started-at="2020-04-30T05:42:21Z" finished-at="2020-04-30T05:45:09Z">
      <class name="com.amazon.test.ProductCheckout">
        <test-method status="PASS" signature="setup(java.lang.String)[pri:0, instance:com.amazon.test.ProductCheckout@3c0ecd4b]" name="setup" is-config="true" duration-ms="30609" started-at="2020-04-30T11:11:51Z" finished-at="2020-04-30T11:12:21Z">
          <params>
            <param index="0">
              <value>
                <![CDATA[Android]]>
              </value>
            </param>
          </params>
          <reporter-output>
          </reporter-output>
        </test-method> <!-- setup -->
        <test-method status="PASS" signature="testProductCheckout()[pri:0, instance:com.amazon.test.ProductCheckout@3c0ecd4b]" name="testProductCheckout" duration-ms="167630" started-at="2020-04-30T11:12:21Z" finished-at="2020-04-30T11:15:09Z">
          <reporter-output>
          </reporter-output>
        </test-method> <!-- testProductCheckout -->
        <test-method status="PASS" signature="teardown()[pri:0, instance:com.amazon.test.ProductCheckout@3c0ecd4b]" name="teardown" is-config="true" duration-ms="3129" started-at="2020-04-30T11:15:09Z" finished-at="2020-04-30T11:15:12Z">
          <reporter-output>
          </reporter-output>
        </test-method> <!-- teardown -->
      </class> <!-- com.amazon.test.ProductCheckout -->
    </test> <!-- amazonProductCheckout -->
  </suite> <!-- Gmail Suite -->
</testng-results>
