<?xml version="1.0" encoding="UTF-8"?>
<testng-results skipped="0" failed="0" total="1" passed="1">
  <reporter-output>
  </reporter-output>
  <suite name="Gmail Suite" duration-ms="175366" started-at="2020-04-19T11:21:28Z" finished-at="2020-04-19T11:24:23Z">
    <groups>
    </groups>
    <test name="amazonProductCheckout" duration-ms="175366" started-at="2020-04-19T11:21:28Z" finished-at="2020-04-19T11:24:23Z">
      <class name="com.amazon.test.ProductCheckout">
        <test-method status="PASS" signature="setup(java.lang.String)[pri:0, instance:com.amazon.test.ProductCheckout@31ef45e3]" name="setup" is-config="true" duration-ms="17085" started-at="2020-04-19T16:51:11Z" finished-at="2020-04-19T16:51:28Z">
          <params>
            <param index="0">
              <value>
                <![CDATA[Android]]>
              </value>
            </param>
          </params>
          <reporter-output>
          </reporter-output>
        </test-method> <!-- setup -->
        <test-method status="PASS" signature="searchTest()[pri:0, instance:com.amazon.test.ProductCheckout@31ef45e3]" name="searchTest" duration-ms="175341" started-at="2020-04-19T16:51:28Z" finished-at="2020-04-19T16:54:23Z">
          <reporter-output>
          </reporter-output>
        </test-method> <!-- searchTest -->
        <test-method status="PASS" signature="teardown()[pri:0, instance:com.amazon.test.ProductCheckout@31ef45e3]" name="teardown" is-config="true" duration-ms="1" started-at="2020-04-19T16:54:23Z" finished-at="2020-04-19T16:54:23Z">
          <reporter-output>
          </reporter-output>
        </test-method> <!-- teardown -->
      </class> <!-- com.amazon.test.ProductCheckout -->
    </test> <!-- amazonProductCheckout -->
  </suite> <!-- Gmail Suite -->
</testng-results>
