<?xml version="1.0" encoding="UTF-8"?>
<!-- Generated by org.testng.reporters.JUnitXMLReporter -->
<testsuite hostname="dk-PC" name="amazonProductCheckout" tests="1" failures="1" timestamp="30 Apr 2020 13:39:56 GMT" time="87.601" errors="0">
  <testcase name="testProductCheckout" time="85.322" classname="com.amazon.test.ProductCheckout">
    <failure type="org.openqa.selenium.NoSuchElementException" message="An element could not be located on the page using the given search parameters.
For documentation on this error, please visit: http://seleniumhq.org/exceptions/no_such_element.html
Build info: version: &amp;apos;3.14.0&amp;apos;, revision: &amp;apos;aacccce0&amp;apos;, time: &amp;apos;2018-08-02T20:19:58.91Z&amp;apos;
System info: host: &amp;apos;DK-PC&amp;apos;, ip: &amp;apos;192.168.225.116&amp;apos;, os.name: &amp;apos;Windows 7&amp;apos;, os.arch: &amp;apos;amd64&amp;apos;, os.version: &amp;apos;6.1&amp;apos;, java.version: &amp;apos;1.8.0_241&amp;apos;
Driver info: io.appium.java_client.android.AndroidDriver
Capabilities {app: C:\Users\dk\Downloads\Amazo..., appActivity: com.amazon.mShop.splashscre..., appPackage: com.amazon.mShop.android.sh..., autoGrantPermissions: true, databaseEnabled: false, desired: {app: C:\Users\dk\Downloads\Amazo..., appActivity: com.amazon.mShop.splashscre..., appPackage: com.amazon.mShop.android.sh..., autoGrantPermissions: true, deviceName: A2QDU17111006740, noRest: true, platformName: android, platformVersion: 7.0, udid: A2QDU17111006740}, deviceManufacturer: HUAWEI, deviceModel: BLN-L22, deviceName: A2QDU17111006740, deviceScreenSize: 1080x1920, deviceUDID: A2QDU17111006740, javascriptEnabled: true, locationContextEnabled: false, networkConnectionEnabled: true, noRest: true, platform: LINUX, platformName: Android, platformVersion: 7.0, takesScreenshot: true, udid: A2QDU17111006740, warnings: {}, webStorageEnabled: false}
Session ID: 1c62d42e-341a-44bd-bc85-5734c31d0ec2
*** Element info: {Using=xpath, value=//android.widget.RadioButton[@text=&amp;apos;English - EN&amp;apos;]}">
      <![CDATA[org.openqa.selenium.NoSuchElementException: An element could not be located on the page using the given search parameters.
For documentation on this error, please visit: http://seleniumhq.org/exceptions/no_such_element.html
Build info: version: '3.14.0', revision: 'aacccce0', time: '2018-08-02T20:19:58.91Z'
System info: host: 'DK-PC', ip: '192.168.225.116', os.name: 'Windows 7', os.arch: 'amd64', os.version: '6.1', java.version: '1.8.0_241'
Driver info: io.appium.java_client.android.AndroidDriver
Capabilities {app: C:\Users\dk\Downloads\Amazo..., appActivity: com.amazon.mShop.splashscre..., appPackage: com.amazon.mShop.android.sh..., autoGrantPermissions: true, databaseEnabled: false, desired: {app: C:\Users\dk\Downloads\Amazo..., appActivity: com.amazon.mShop.splashscre..., appPackage: com.amazon.mShop.android.sh..., autoGrantPermissions: true, deviceName: A2QDU17111006740, noRest: true, platformName: android, platformVersion: 7.0, udid: A2QDU17111006740}, deviceManufacturer: HUAWEI, deviceModel: BLN-L22, deviceName: A2QDU17111006740, deviceScreenSize: 1080x1920, deviceUDID: A2QDU17111006740, javascriptEnabled: true, locationContextEnabled: false, networkConnectionEnabled: true, noRest: true, platform: LINUX, platformName: Android, platformVersion: 7.0, takesScreenshot: true, udid: A2QDU17111006740, warnings: {}, webStorageEnabled: false}
Session ID: 1c62d42e-341a-44bd-bc85-5734c31d0ec2
*** Element info: {Using=xpath, value=//android.widget.RadioButton[@text='English - EN']}
	at org.openqa.selenium.remote.http.W3CHttpResponseCodec.createException(W3CHttpResponseCodec.java:187)
	at org.openqa.selenium.remote.http.W3CHttpResponseCodec.decode(W3CHttpResponseCodec.java:122)
	at org.openqa.selenium.remote.http.W3CHttpResponseCodec.decode(W3CHttpResponseCodec.java:49)
	at org.openqa.selenium.remote.HttpCommandExecutor.execute(HttpCommandExecutor.java:158)
	at io.appium.java_client.remote.AppiumCommandExecutor.execute(AppiumCommandExecutor.java:231)
	at org.openqa.selenium.remote.RemoteWebDriver.execute(RemoteWebDriver.java:548)
	at io.appium.java_client.DefaultGenericMobileDriver.execute(DefaultGenericMobileDriver.java:42)
	at io.appium.java_client.AppiumDriver.execute(AppiumDriver.java:1)
	at io.appium.java_client.android.AndroidDriver.execute(AndroidDriver.java:1)
	at org.openqa.selenium.remote.RemoteWebDriver.findElement(RemoteWebDriver.java:322)
	at io.appium.java_client.DefaultGenericMobileDriver.findElement(DefaultGenericMobileDriver.java:62)
	at io.appium.java_client.AppiumDriver.findElement(AppiumDriver.java:1)
	at io.appium.java_client.android.AndroidDriver.findElement(AndroidDriver.java:1)
	at org.openqa.selenium.remote.RemoteWebDriver.findElementByXPath(RemoteWebDriver.java:424)
	at io.appium.java_client.DefaultGenericMobileDriver.findElementByXPath(DefaultGenericMobileDriver.java:152)
	at io.appium.java_client.AppiumDriver.findElementByXPath(AppiumDriver.java:1)
	at io.appium.java_client.android.AndroidDriver.findElementByXPath(AndroidDriver.java:1)
	at org.openqa.selenium.By$ByXPath.findElement(By.java:353)
	at org.openqa.selenium.remote.RemoteWebDriver.findElement(RemoteWebDriver.java:314)
	at io.appium.java_client.DefaultGenericMobileDriver.findElement(DefaultGenericMobileDriver.java:58)
	at io.appium.java_client.AppiumDriver.findElement(AppiumDriver.java:1)
	at io.appium.java_client.android.AndroidDriver.findElement(AndroidDriver.java:1)
	at com.amazon.pages.BaseClass.isElementDisplayed(BaseClass.java:144)
	at com.amazon.test.ProductCheckout.testProductCheckout(ProductCheckout.java:79)
... Removed 28 stack frames]]>
    </failure>
  </testcase> <!-- testProductCheckout -->
</testsuite> <!-- amazonProductCheckout -->
