<?xml version="1.0" encoding="UTF-8"?>
<!-- Generated by org.testng.reporters.JUnitXMLReporter -->
<testsuite hostname="dk-PC" name="amazonProductCheckout" tests="1" failures="1" timestamp="17 Apr 2020 13:38:55 GMT" time="0.077" errors="0">
  <testcase name="searchTest" time="0.051" classname="test.ProductCheckout">
    <failure type="java.lang.NullPointerException">
      <![CDATA[java.lang.NullPointerException
	at java.util.Objects.requireNonNull(Unknown Source)
	at org.openqa.selenium.support.ui.FluentWait.<init>(FluentWait.java:115)
	at org.openqa.selenium.support.ui.WebDriverWait.<init>(WebDriverWait.java:102)
	at org.openqa.selenium.support.ui.WebDriverWait.<init>(WebDriverWait.java:45)
	at pages.BaseClass.waitForElementPresence(BaseClass.java:95)
	at test.ProductCheckout.searchTest(ProductCheckout.java:26)
... Removed 24 stack frames]]>
    </failure>
  </testcase> <!-- searchTest -->
</testsuite> <!-- amazonProductCheckout -->
